<?xml version="1.0" encoding="UTF-8"?>
<!-- Generated by org.testng.reporters.JUnitXMLReporter -->
<testsuite ignored="0" hostname="User-PC" failures="0" tests="3" name="Default test" time="54.929" errors="0" timestamp="07 May 2020 09:27:41 GMT">
  <testcase classname="LoginPageTest" name="verifyLogin" time="0.906"/>
  <testcase classname="LoginPageTest" name="verifyLogin" time="0.735"/>
  <testcase classname="LoginPageTest" name="verifyLogin" time="0.722"/>
</testsuite> <!-- Default test -->
